[2018-11-14 16:08:41.809] [renderer1] [info] no standard startup: not the explorer viewlet
[2018-11-14 16:09:00.261] [renderer1] [info] no standard startup: not just one text editor
[2018-11-14 16:36:13.629] [renderer1] [error] An unknown error occurred. Please consult the log for more details.
[2018-11-14 16:36:42.194] [renderer1] [error] An unknown error occurred. Please consult the log for more details.
[2018-11-14 17:08:06.345] [renderer1] [error] cannot open file:///home/jfvilladiego/proyectos_angular/store_client_angular_rails/src/app/components/articulos/detalle-articulo. Detail: File is directory: Error: cannot open file:///home/jfvilladiego/proyectos_angular/store_client_angular_rails/src/app/components/articulos/detalle-articulo. Detail: File is directory
    at file:///usr/share/code/resources/app/out/vs/workbench/workbench.main.js:4281:662
    at Object.v [as _notify] (file:///usr/share/code/resources/app/out/vs/workbench/workbench.main.js:155:302)
    at Object.enter (file:///usr/share/code/resources/app/out/vs/workbench/workbench.main.js:158:568)
    at n.Class.derive._creator._run (file:///usr/share/code/resources/app/out/vs/workbench/workbench.main.js:159:902)
    at n.Class.derive._creator._chainedError (file:///usr/share/code/resources/app/out/vs/workbench/workbench.main.js:159:261)
    at n (file:///usr/share/code/resources/app/out/vs/workbench/workbench.main.js:157:40)
    at n.Class.define.cancel.then (file:///usr/share/code/resources/app/out/vs/workbench/workbench.main.js:160:736)
    at Object.enter (file:///usr/share/code/resources/app/out/vs/workbench/workbench.main.js:157:109)
    at n.Class.derive._creator._run (file:///usr/share/code/resources/app/out/vs/workbench/workbench.main.js:159:902)
    at n.Class.derive._creator._setCompleteValue (file:///usr/share/code/resources/app/out/vs/workbench/workbench.main.js:159:596)
    at Object.v [as _notify] (file:///usr/share/code/resources/app/out/vs/workbench/workbench.main.js:155:284)
    at Object.enter (file:///usr/share/code/resources/app/out/vs/workbench/workbench.main.js:158:568)
    at n.Class.derive._creator._run (file:///usr/share/code/resources/app/out/vs/workbench/workbench.main.js:159:902)
    at n.Class.derive._creator._chainedError (file:///usr/share/code/resources/app/out/vs/workbench/workbench.main.js:159:261)
    at n (file:///usr/share/code/resources/app/out/vs/workbench/workbench.main.js:157:40)
    at n.Class.define.cancel.then (file:///usr/share/code/resources/app/out/vs/workbench/workbench.main.js:160:736)
    at Object.enter (file:///usr/share/code/resources/app/out/vs/workbench/workbench.main.js:157:109)
    at n.Class.derive._creator._run (file:///usr/share/code/resources/app/out/vs/workbench/workbench.main.js:159:902)
    at n.Class.derive._creator._setCompleteValue (file:///usr/share/code/resources/app/out/vs/workbench/workbench.main.js:159:596)
    at Object.v [as _notify] (file:///usr/share/code/resources/app/out/vs/workbench/workbench.main.js:155:284)
    at Object.enter (file:///usr/share/code/resources/app/out/vs/workbench/workbench.main.js:158:568)
    at n.Class.derive._creator._run (file:///usr/share/code/resources/app/out/vs/workbench/workbench.main.js:159:902)
    at n.Class.derive._creator._chainedError (file:///usr/share/code/resources/app/out/vs/workbench/workbench.main.js:159:261)
    at n (file:///usr/share/code/resources/app/out/vs/workbench/workbench.main.js:157:40)
    at n.Class.define.cancel.then (file:///usr/share/code/resources/app/out/vs/workbench/workbench.main.js:160:736)
    at Object.enter (file:///usr/share/code/resources/app/out/vs/workbench/workbench.main.js:157:109)
    at n.Class.derive._creator._run (file:///usr/share/code/resources/app/out/vs/workbench/workbench.main.js:159:902)
    at n.Class.derive._creator._setCompleteValue (file:///usr/share/code/resources/app/out/vs/workbench/workbench.main.js:159:596)
    at Object.v [as _notify] (file:///usr/share/code/resources/app/out/vs/workbench/workbench.main.js:155:284)
    at Object.enter (file:///usr/share/code/resources/app/out/vs/workbench/workbench.main.js:158:568)
    at n.Class.derive._creator._run (file:///usr/share/code/resources/app/out/vs/workbench/workbench.main.js:159:902)
    at n.Class.derive._creator._chainedError (file:///usr/share/code/resources/app/out/vs/workbench/workbench.main.js:159:261)
    at n (file:///usr/share/code/resources/app/out/vs/workbench/workbench.main.js:157:40)
    at n.Class.define.cancel.then (file:///usr/share/code/resources/app/out/vs/workbench/workbench.main.js:160:736)
    at Object.enter (file:///usr/share/code/resources/app/out/vs/workbench/workbench.main.js:157:109)
    at n.Class.derive._creator._run (file:///usr/share/code/resources/app/out/vs/workbench/workbench.main.js:159:902)
    at n.Class.derive._creator._setCompleteValue (file:///usr/share/code/resources/app/out/vs/workbench/workbench.main.js:159:596)
    at Object.v [as _notify] (file:///usr/share/code/resources/app/out/vs/workbench/workbench.main.js:155:284)
    at Object.enter (file:///usr/share/code/resources/app/out/vs/workbench/workbench.main.js:158:568)
    at n.Class.derive._creator._run (file:///usr/share/code/resources/app/out/vs/workbench/workbench.main.js:159:902)
    at n.Class.derive._creator._chainedError (file:///usr/share/code/resources/app/out/vs/workbench/workbench.main.js:159:261)
    at n (file:///usr/share/code/resources/app/out/vs/workbench/workbench.main.js:157:40)
    at n.Class.define.cancel.then (file:///usr/share/code/resources/app/out/vs/workbench/workbench.main.js:160:736)
    at Object.enter (file:///usr/share/code/resources/app/out/vs/workbench/workbench.main.js:157:109)
    at n.Class.derive._creator._run (file:///usr/share/code/resources/app/out/vs/workbench/workbench.main.js:159:902)
    at n.Class.derive._creator._setCompleteValue (file:///usr/share/code/resources/app/out/vs/workbench/workbench.main.js:159:596)
    at Object.v [as _notify] (file:///usr/share/code/resources/app/out/vs/workbench/workbench.main.js:155:284)
    at Object.enter (file:///usr/share/code/resources/app/out/vs/workbench/workbench.main.js:158:568)
    at n.Class.derive._oncancel._run (file:///usr/share/code/resources/app/out/vs/workbench/workbench.main.js:159:902)
    at n.Class.derive._oncancel._error (file:///usr/share/code/resources/app/out/vs/workbench/workbench.main.js:159:419)
    at l (file:///usr/share/code/resources/app/out/vs/workbench/workbench.main.js:162:962)
    at file:///usr/share/code/resources/app/out/vs/workbench/workbench.main.js:163:70
    at Object.v [as _notify] (file:///usr/share/code/resources/app/out/vs/workbench/workbench.main.js:155:302)
    at Object.enter (file:///usr/share/code/resources/app/out/vs/workbench/workbench.main.js:158:568)
    at n.Class.derive._creator._run (file:///usr/share/code/resources/app/out/vs/workbench/workbench.main.js:159:902)
    at n.Class.derive._creator._chainedError (file:///usr/share/code/resources/app/out/vs/workbench/workbench.main.js:159:261)
    at n (file:///usr/share/code/resources/app/out/vs/workbench/workbench.main.js:157:40)
    at n.Class.define.cancel.then (file:///usr/share/code/resources/app/out/vs/workbench/workbench.main.js:160:736)
    at Object.enter (file:///usr/share/code/resources/app/out/vs/workbench/workbench.main.js:157:109)
    at n.Class.derive._creator._run (file:///usr/share/code/resources/app/out/vs/workbench/workbench.main.js:159:902)
    at n.Class.derive._creator._setCompleteValue (file:///usr/share/code/resources/app/out/vs/workbench/workbench.main.js:159:596)
    at Object.g [as _notify] (file:///usr/share/code/resources/app/out/vs/workbench/workbench.main.js:154:709)
    at Object.enter (file:///usr/share/code/resources/app/out/vs/workbench/workbench.main.js:158:61)
    at n.Class.derive._creator._run (file:///usr/share/code/resources/app/out/vs/workbench/workbench.main.js:159:902)
    at n.Class.derive._creator._completed (file:///usr/share/code/resources/app/out/vs/workbench/workbench.main.js:159:343)
    at Object.g [as _notify] (file:///usr/share/code/resources/app/out/vs/workbench/workbench.main.js:154:729)
    at Object.enter (file:///usr/share/code/resources/app/out/vs/workbench/workbench.main.js:158:61)
    at n.Class.derive._oncancel._run (file:///usr/share/code/resources/app/out/vs/workbench/workbench.main.js:159:902)
    at n.Class.derive._oncancel._completed (file:///usr/share/code/resources/app/out/vs/workbench/workbench.main.js:159:343)
    at file:///usr/share/code/resources/app/out/vs/workbench/workbench.main.js:3298:740
    at file:///usr/share/code/resources/app/out/vs/workbench/workbench.main.js:3299:634
    at file:///usr/share/code/resources/app/out/vs/workbench/workbench.main.js:278:461
    at Function.<anonymous> (file:///usr/share/code/resources/app/out/vs/workbench/workbench.main.js:3299:392)
    at file:///usr/share/code/resources/app/out/vs/workbench/workbench.main.js:278:68
    at s (file:///usr/share/code/resources/app/out/vs/workbench/workbench.main.js:277:615)
    at file:///usr/share/code/resources/app/out/vs/workbench/workbench.main.js:277:719
    at _combinedTickCallback (internal/process/next_tick.js:131:7)
    at process._tickCallback (internal/process/next_tick.js:180:9)
